CONFIG
├── datamodule
│   └── _target_: src.datamodules.time_datamodule.TimeDataModule                                                                        
│       data_dir: /Users/rishabh/TimeSeries-Interpretability-Robustness/data//GunPointAgeSpan                                           
│       save_dir: /Users/rishabh/TimeSeries-Interpretability-Robustness/logs/train/multiruns/2024-07-11_23-53-01/0/datamodule           
│       feature_name: signal                                                                                                            
│       target_name: target                                                                                                             
│       id_name: noun_id                                                                                                                
│       f_sine_sum: f_sine_sum                                                                                                          
│       train_batch_size: 32                                                                                                            
│       val_batch_size: 1                                                                                                               
│       inmemory_cache_all: false                                                                                                       
│       reader_worker_count: 1                                                                                                          
│       target_encoding_method: onehot                                                                                                  
│       feature_scaling_method: standard                                                                                                
│       select_class: null                                                                                                              
│                                                                                                                                       
├── model
│   └── _target_: src.models.time_module.TSModule                                                                                       
│       feature_name: signal                                                                                                            
│       target_name: target                                                                                                             
│       id_name: noun_id                                                                                                                
│       save_dir: /Users/rishabh/TimeSeries-Interpretability-Robustness/logs/train/multiruns/2024-07-11_23-53-01/0/datamodule           
│       optimizer:                                                                                                                      
│         _target_: torch.optim.Adam                                                                                                    
│         _partial_: true                                                                                                               
│         lr: 0.002                                                                                                                     
│         weight_decay: 0.001                                                                                                           
│       scheduler:                                                                                                                      
│         _target_: torch.optim.lr_scheduler.ReduceLROnPlateau                                                                          
│         _partial_: true                                                                                                               
│         mode: min                                                                                                                     
│         factor: 0.1                                                                                                                   
│         patience: 50                                                                                                                  
│       net:                                                                                                                            
│         _target_: src.models.components.transformer_model.TransformerModel                                                            
│         input_size: 0                                                                                                                 
│         output_size: 0                                                                                                                
│         dropout: 0.4                                                                                                                  
│         d_model: 64                                                                                                                   
│         nhead: 4                                                                                                                      
│         dim_feedforward: 256                                                                                                          
│         mlp_dim: 64                                                                                                                   
│         nlayers: 2                                                                                                                    
│                                                                                                                                       
├── callbacks
│   └── model_checkpoint:                                                                                                               
│         _target_: lightning.pytorch.callbacks.ModelCheckpoint                                                                         
│         dirpath: /Users/rishabh/TimeSeries-Interpretability-Robustness/logs/train/multiruns/2024-07-11_23-53-01/0/checkpoints         
│         filename: epoch_{epoch:03d}                                                                                                   
│         monitor: val/acc                                                                                                              
│         verbose: false                                                                                                                
│         save_last: true                                                                                                               
│         save_top_k: 1                                                                                                                 
│         mode: max                                                                                                                     
│         auto_insert_metric_name: false                                                                                                
│         save_weights_only: false                                                                                                      
│         every_n_train_steps: null                                                                                                     
│         train_time_interval: null                                                                                                     
│         every_n_epochs: null                                                                                                          
│         save_on_train_epoch_end: null                                                                                                 
│       early_stopping:                                                                                                                 
│         _target_: lightning.pytorch.callbacks.EarlyStopping                                                                           
│         monitor: val/acc                                                                                                              
│         min_delta: 0.0                                                                                                                
│         patience: 100                                                                                                                 
│         verbose: false                                                                                                                
│         mode: max                                                                                                                     
│         strict: true                                                                                                                  
│         check_finite: true                                                                                                            
│         stopping_threshold: null                                                                                                      
│         divergence_threshold: null                                                                                                    
│         check_on_train_epoch_end: null                                                                                                
│       model_summary:                                                                                                                  
│         _target_: lightning.pytorch.callbacks.RichModelSummary                                                                        
│         max_depth: -1                                                                                                                 
│       rich_progress_bar:                                                                                                              
│         _target_: lightning.pytorch.callbacks.RichProgressBar                                                                         
│                                                                                                                                       
├── logger
│   └── tensorboard:                                                                                                                    
│         _target_: lightning.pytorch.loggers.tensorboard.TensorBoardLogger                                                             
│         save_dir: /Users/rishabh/TimeSeries-Interpretability-Robustness/logs/train/multiruns/2024-07-11_23-53-01/0/tensorboard/       
│         name: null                                                                                                                    
│         log_graph: false                                                                                                              
│         default_hp_metric: true                                                                                                       
│         prefix: ''                                                                                                                    
│                                                                                                                                       
├── trainer
│   └── _target_: lightning.pytorch.trainer.Trainer                                                                                     
│       default_root_dir: /Users/rishabh/TimeSeries-Interpretability-Robustness/logs/train/multiruns/2024-07-11_23-53-01/0              
│       min_epochs: 50                                                                                                                  
│       max_epochs: 300                                                                                                                 
│       accelerator: gpu                                                                                                                
│       devices: 1                                                                                                                      
│       check_val_every_n_epoch: 1                                                                                                      
│       deterministic: false                                                                                                            
│                                                                                                                                       
├── paths
│   └── root_dir: /Users/rishabh/TimeSeries-Interpretability-Robustness                                                                 
│       data_dir: /Users/rishabh/TimeSeries-Interpretability-Robustness/data/                                                           
│       log_dir: /Users/rishabh/TimeSeries-Interpretability-Robustness/logs/                                                            
│       output_dir: /Users/rishabh/TimeSeries-Interpretability-Robustness/logs/train/multiruns/2024-07-11_23-53-01/0                    
│       work_dir: /Users/rishabh/TimeSeries-Interpretability-Robustness                                                                 
│                                                                                                                                       
├── extras
│   └── ignore_warnings: false                                                                                                          
│       enforce_tags: true                                                                                                              
│       print_config: true                                                                                                              
│                                                                                                                                       
├── task_name
│   └── train                                                                                                                           
├── tags
│   └── ['UCR_GunPointAgeSpan', 'transformer']                                                                                          
├── train
│   └── True                                                                                                                            
├── test
│   └── True                                                                                                                            
├── ckpt_path
│   └── None                                                                                                                            
├── seed
│   └── 1234                                                                                                                            
└── optimized_metric
    └── val/acc_best                                                                                                                    
